<?xml version="1.0" encoding="UTF-8"?>
<!-- Generated by org.testng.reporters.JUnitXMLReporter -->
<testsuite ignored="0" hostname="DESKTOP-UBASVQK" failures="1" tests="2" name="VerifyItemNamesInCartTest" time="47.787" errors="0" timestamp="2023-03-16T01:45:19 IST">
  <testcase classname="Regression.VerifyItemNamesInCartTest" name="VerifyItemWithCorrectName" time="26.535">
    <failure type="java.lang.AssertionError" message="expected [true] but found [false]">
      <![CDATA[java.lang.AssertionError: expected [true] but found [false]
at Regression.VerifyItemNamesInCartTest.VerifyItemWithCorrectName(VerifyItemNamesInCartTest.java:48)
at java.base/java.util.ArrayList.forEach(ArrayList.java:1540)
... Removed 31 stack frames]]>
    </failure>
  </testcase> <!-- VerifyItemWithCorrectName -->
  <testcase classname="Regression.VerifyItemNamesInCartTest" name="VerifyItemWithInCorrectName" time="20.287"/>
</testsuite> <!-- VerifyItemNamesInCartTest -->
