<?xml version="1.0" encoding="UTF-8"?>
<testng-results ignored="3" total="5" passed="1" failed="1" skipped="0">
  <reporter-output>
  </reporter-output>
  <suite started-at="2023-03-16T01:44:30 IST" name="Suite" finished-at="2023-03-16T01:45:19 IST" duration-ms="49518">
    <groups>
      <group name="smoke">
        <method signature="VerifyItemNamesInCartTest.VerifyItemWithCorrectName(java.util.HashMap)[pri:0, instance:Regression.VerifyItemNamesInCartTest@5ce8d869]" name="VerifyItemWithCorrectName" class="Regression.VerifyItemNamesInCartTest"/>
        <method signature="VerifyItemNamesInCartTest.VerifyItemWithInCorrectName(java.util.HashMap)[pri:0, instance:Regression.VerifyItemNamesInCartTest@5ce8d869]" name="VerifyItemWithInCorrectName" class="Regression.VerifyItemNamesInCartTest"/>
      </group> <!-- smoke -->
    </groups>
    <test started-at="2023-03-16T01:44:30 IST" name="ErrorValidationTest" finished-at="2023-03-16T01:44:30 IST" duration-ms="72">
      <class name="Regression.ErrorValidationTest">
        <test-method is-config="true" signature="readconf()[pri:0, instance:Regression.ErrorValidationTest@3daf7722]" started-at="2023-03-16T01:44:30 IST" name="readconf" finished-at="2023-03-16T01:44:30 IST" duration-ms="31" status="PASS">
          <reporter-output>
          </reporter-output>
        </test-method> <!-- readconf -->
      </class> <!-- Regression.ErrorValidationTest -->
    </test> <!-- ErrorValidationTest -->
    <test started-at="2023-03-16T01:44:31 IST" name="StandAloneTest" finished-at="2023-03-16T01:44:31 IST" duration-ms="24">
      <class name="Regression.StandAloneTest">
        <test-method is-config="true" signature="readconf()[pri:0, instance:Regression.StandAloneTest@c94fd30]" started-at="2023-03-16T01:44:31 IST" name="readconf" finished-at="2023-03-16T01:44:31 IST" duration-ms="3" status="PASS">
          <reporter-output>
          </reporter-output>
        </test-method> <!-- readconf -->
      </class> <!-- Regression.StandAloneTest -->
    </test> <!-- StandAloneTest -->
    <test started-at="2023-03-16T01:44:31 IST" name="VerifyItemNamesInCartTest" finished-at="2023-03-16T01:45:19 IST" duration-ms="47787">
      <class name="Regression.VerifyItemNamesInCartTest">
        <test-method is-config="true" signature="readconf()[pri:0, instance:Regression.VerifyItemNamesInCartTest@5ce8d869]" started-at="2023-03-16T01:44:31 IST" name="readconf" finished-at="2023-03-16T01:44:31 IST" duration-ms="1" status="PASS">
          <reporter-output>
          </reporter-output>
        </test-method> <!-- readconf -->
        <test-method signature="VerifyItemWithCorrectName(java.util.HashMap)[pri:0, instance:Regression.VerifyItemNamesInCartTest@5ce8d869]" started-at="2023-03-16T01:44:31 IST" name="VerifyItemWithCorrectName" data-provider="getdata" finished-at="2023-03-16T01:44:58 IST" duration-ms="26535" status="FAIL">
          <params>
            <param index="0">
              <value>
                <![CDATA[{password=Hyderabad@2023, product=zara coat 3, email=78bikash.hyd@gmail.com}]]>
              </value>
            </param>
          </params>
          <exception class="java.lang.AssertionError">
            <message>
              <![CDATA[expected [true] but found [false]]]>
            </message>
            <full-stacktrace>
              <![CDATA[java.lang.AssertionError: expected [true] but found [false]
at org.testng.Assert.fail(Assert.java:99)
at org.testng.Assert.failNotEquals(Assert.java:1037)
at org.testng.Assert.assertTrue(Assert.java:45)
at org.testng.Assert.assertTrue(Assert.java:55)
at Regression.VerifyItemNamesInCartTest.VerifyItemWithCorrectName(VerifyItemNamesInCartTest.java:48)
at java.base/jdk.internal.reflect.NativeMethodAccessorImpl.invoke0(Native Method)
at java.base/jdk.internal.reflect.NativeMethodAccessorImpl.invoke(NativeMethodAccessorImpl.java:62)
at java.base/jdk.internal.reflect.DelegatingMethodAccessorImpl.invoke(DelegatingMethodAccessorImpl.java:43)
at java.base/java.lang.reflect.Method.invoke(Method.java:566)
at org.testng.internal.MethodInvocationHelper.invokeMethod(MethodInvocationHelper.java:133)
at org.testng.internal.TestInvoker.invokeMethod(TestInvoker.java:598)
at org.testng.internal.TestInvoker.invokeTestMethod(TestInvoker.java:173)
at org.testng.internal.MethodRunner.runInSequence(MethodRunner.java:46)
at org.testng.internal.TestInvoker$MethodInvocationAgent.invoke(TestInvoker.java:824)
at org.testng.internal.TestInvoker.invokeTestMethods(TestInvoker.java:146)
at org.testng.internal.TestMethodWorker.invokeTestMethods(TestMethodWorker.java:146)
at org.testng.internal.TestMethodWorker.run(TestMethodWorker.java:128)
at java.base/java.util.ArrayList.forEach(ArrayList.java:1540)
at org.testng.TestRunner.privateRun(TestRunner.java:794)
at org.testng.TestRunner.run(TestRunner.java:596)
at org.testng.SuiteRunner.runTest(SuiteRunner.java:377)
at org.testng.SuiteRunner.runSequentially(SuiteRunner.java:371)
at org.testng.SuiteRunner.privateRun(SuiteRunner.java:332)
at org.testng.SuiteRunner.run(SuiteRunner.java:276)
at org.testng.SuiteRunnerWorker.runSuite(SuiteRunnerWorker.java:53)
at org.testng.SuiteRunnerWorker.run(SuiteRunnerWorker.java:96)
at org.testng.TestNG.runSuitesSequentially(TestNG.java:1212)
at org.testng.TestNG.runSuitesLocally(TestNG.java:1134)
at org.testng.TestNG.runSuites(TestNG.java:1063)
at org.testng.TestNG.run(TestNG.java:1031)
at org.testng.remote.AbstractRemoteTestNG.run(AbstractRemoteTestNG.java:115)
at org.testng.remote.RemoteTestNG.initAndRun(RemoteTestNG.java:251)
at org.testng.remote.RemoteTestNG.main(RemoteTestNG.java:77)
]]>
            </full-stacktrace>
          </exception> <!-- java.lang.AssertionError -->
          <reporter-output>
          </reporter-output>
        </test-method> <!-- VerifyItemWithCorrectName -->
        <test-method is-config="true" signature="CloseApp(org.testng.ITestResult)[pri:0, instance:Regression.VerifyItemNamesInCartTest@5ce8d869]" started-at="2023-03-16T01:44:58 IST" name="CloseApp" finished-at="2023-03-16T01:44:58 IST" duration-ms="246" status="PASS">
          <params>
            <param index="0">
              <value>
                <![CDATA[[TestResult name=VerifyItemWithCorrectName status=FAILURE method=VerifyItemNamesInCartTest.VerifyItemWithCorrectName(java.util.HashMap)[pri:0, instance:Regression.VerifyItemNamesInCartTest@5ce8d869] output={null}]]]>
              </value>
            </param>
          </params>
          <reporter-output>
          </reporter-output>
        </test-method> <!-- CloseApp -->
        <test-method signature="VerifyItemWithInCorrectName(java.util.HashMap)[pri:0, instance:Regression.VerifyItemNamesInCartTest@5ce8d869]" started-at="2023-03-16T01:44:58 IST" name="VerifyItemWithInCorrectName" data-provider="getdata" finished-at="2023-03-16T01:45:19 IST" duration-ms="20287" status="PASS">
          <params>
            <param index="0">
              <value>
                <![CDATA[{password=Hyderabad@2023, product=zara coat 3, email=78bikash.hyd@gmail.com}]]>
              </value>
            </param>
          </params>
          <reporter-output>
          </reporter-output>
        </test-method> <!-- VerifyItemWithInCorrectName -->
        <test-method is-config="true" signature="CloseApp(org.testng.ITestResult)[pri:0, instance:Regression.VerifyItemNamesInCartTest@5ce8d869]" started-at="2023-03-16T01:45:19 IST" name="CloseApp" finished-at="2023-03-16T01:45:19 IST" duration-ms="335" status="PASS">
          <params>
            <param index="0">
              <value>
                <![CDATA[[TestResult name=VerifyItemWithInCorrectName status=SUCCESS method=VerifyItemNamesInCartTest.VerifyItemWithInCorrectName(java.util.HashMap)[pri:0, instance:Regression.VerifyItemNamesInCartTest@5ce8d869] output={null}]]]>
              </value>
            </param>
          </params>
          <reporter-output>
          </reporter-output>
        </test-method> <!-- CloseApp -->
      </class> <!-- Regression.VerifyItemNamesInCartTest -->
    </test> <!-- VerifyItemNamesInCartTest -->
  </suite> <!-- Suite -->
</testng-results>
